{"/Users/wm-bd000053/Desktop/workspace/monkey-D/src/index.tsx": {"path":"/Users/wm-bd000053/Desktop/workspace/monkey-D/src/index.tsx","statementMap":{"0":{"start":{"line":3,"column":0},"end":{"line":3,"column":31}},"1":{"start":{"line":4,"column":0},"end":{"line":4,"column":7}},"2":{"start":{"line":12,"column":2},"end":{"line":4,"column":53}},"3":{"start":{"line":7,"column":21},"end":{"line":9,"column":1}},"4":{"start":{"line":8,"column":2},"end":{"line":8,"column":61}},"5":{"start":{"line":7,"column":13},"end":{"line":7,"column":21}}},"fnMap":{"0":{"name":"(anonymous_0)","decl":{"start":{"line":7,"column":21},"end":{"line":7,"column":null}},"loc":{"start":{"line":7,"column":21},"end":{"line":9,"column":1}}}},"branchMap":{},"s":{"0":1,"1":1,"2":1,"3":1,"4":0,"5":1},"f":{"0":0},"b":{}}
,"/Users/wm-bd000053/Desktop/workspace/monkey-D/src/components/index.tsx": {"path":"/Users/wm-bd000053/Desktop/workspace/monkey-D/src/components/index.tsx","statementMap":{"0":{"start":{"line":1,"column":0},"end":{"line":1,"column":7}},"1":{"start":{"line":4,"column":1},"end":{"line":1,"column":42}}},"fnMap":{},"branchMap":{},"s":{"0":0,"1":0},"f":{},"b":{}}
,"/Users/wm-bd000053/Desktop/workspace/monkey-D/src/components/input/TextInput.tsx": {"path":"/Users/wm-bd000053/Desktop/workspace/monkey-D/src/components/input/TextInput.tsx","statementMap":{"0":{"start":{"line":1,"column":0},"end":{"line":1,"column":26}},"1":{"start":{"line":2,"column":0},"end":{"line":2,"column":37}},"2":{"start":{"line":3,"column":0},"end":{"line":3,"column":38}},"3":{"start":{"line":9,"column":22},"end":{"line":15,"column":1}},"4":{"start":{"line":9,"column":33},"end":{"line":9,"column":45}},"5":{"start":{"line":10,"column":1},"end":{"line":10,"column":11}},"6":{"start":{"line":12,"column":1},"end":{"line":14,"column":3}},"7":{"start":{"line":17,"column":18},"end":{"line":19,"column":2}},"8":{"start":{"line":21,"column":0},"end":{"line":21,"column":25}}},"fnMap":{"0":{"name":"(anonymous_0)","decl":{"start":{"line":9,"column":22},"end":{"line":9,"column":23}},"loc":{"start":{"line":9,"column":45},"end":{"line":15,"column":1}}}},"branchMap":{"0":{"loc":{"start":{"line":17,"column":39},"end":{"line":19,"column":2}},"type":"binary-expr","locations":[{"start":{"line":17,"column":39},"end":{"line":17,"column":null}},{"start":{"line":17,"column":39},"end":{"line":19,"column":2}}]}},"s":{"0":1,"1":1,"2":1,"3":1,"4":1,"5":1,"6":1,"7":1,"8":1},"f":{"0":1},"b":{"0":[1,1]}}
,"/Users/wm-bd000053/Desktop/workspace/monkey-D/src/modules/index.ts": {"path":"/Users/wm-bd000053/Desktop/workspace/monkey-D/src/modules/index.ts","statementMap":{"0":{"start":{"line":1,"column":23},"end":{"line":3,"column":1}},"1":{"start":{"line":2,"column":1},"end":{"line":2,"column":25}},"2":{"start":{"line":1,"column":13},"end":{"line":1,"column":23}}},"fnMap":{"0":{"name":"(anonymous_0)","decl":{"start":{"line":1,"column":23},"end":{"line":1,"column":null}},"loc":{"start":{"line":1,"column":23},"end":{"line":3,"column":1}}}},"branchMap":{},"s":{"0":1,"1":1,"2":1},"f":{"0":1},"b":{}}
,"/Users/wm-bd000053/Desktop/workspace/monkey-D/src/utils/forReactUtils.ts": {"path":"/Users/wm-bd000053/Desktop/workspace/monkey-D/src/utils/forReactUtils.ts","statementMap":{"0":{"start":{"line":1,"column":20},"end":{"line":3,"column":1}},"1":{"start":{"line":2,"column":4},"end":{"line":2,"column":24}},"2":{"start":{"line":1,"column":13},"end":{"line":1,"column":20}}},"fnMap":{"0":{"name":"(anonymous_0)","decl":{"start":{"line":1,"column":20},"end":{"line":1,"column":null}},"loc":{"start":{"line":1,"column":20},"end":{"line":3,"column":1}}}},"branchMap":{},"s":{"0":0,"1":0,"2":0},"f":{"0":0},"b":{}}
,"/Users/wm-bd000053/Desktop/workspace/monkey-D/src/utils/index.ts": {"path":"/Users/wm-bd000053/Desktop/workspace/monkey-D/src/utils/index.ts","statementMap":{"0":{"start":{"line":1,"column":0},"end":{"line":1,"column":9}},"1":{"start":{"line":4,"column":4},"end":{"line":1,"column":39}}},"fnMap":{"0":{"name":"(anonymous_0)","decl":{"start":{"line":4,"column":4},"end":{"line":4,"column":8}},"loc":{"start":{"line":4,"column":4},"end":{"line":1,"column":39}}}},"branchMap":{},"s":{"0":0,"1":0},"f":{"0":0},"b":{}}
}
